\BOOKMARK [0][-]{chapter.1}{Introduction}{}% 1
\BOOKMARK [1][-]{section.1.1}{Main features}{chapter.1}% 2
\BOOKMARK [1][-]{section.1.2}{Limitations}{chapter.1}% 3
\BOOKMARK [0][-]{chapter.2}{Motivation and scope}{}% 4
\BOOKMARK [0][-]{chapter.3}{Equations}{}% 5
\BOOKMARK [0][-]{chapter.4}{Solution of the equations}{}% 6
\BOOKMARK [1][-]{section.4.1}{Final expression of the drift-kinetic equation}{chapter.4}% 7
\BOOKMARK [1][-]{section.4.2}{Calculation of the coefficients of the drift-kinetic equation}{chapter.4}% 8
\BOOKMARK [2][-]{subsection.4.2.1}{Analytical calculation of the divergences of some bounce-integrals}{section.4.2}% 9
\BOOKMARK [2][-]{subsection.4.2.2}{Evaluation of the magnetic field strength along a field line}{section.4.2}% 10
\BOOKMARK [1][-]{section.4.3}{Spatial and velocity grid}{chapter.4}% 11
\BOOKMARK [1][-]{section.4.4}{Discretization of the drift-kinetic equation}{chapter.4}% 12
\BOOKMARK [1][-]{section.4.5}{Solution of the quasineutrality equation}{chapter.4}% 13
\BOOKMARK [0][-]{chapter.5}{Installing KNOSOS}{}% 14
\BOOKMARK [1][-]{section.5.1}{Public repository}{chapter.5}% 15
\BOOKMARK [1][-]{section.5.2}{Setting up KNOSOS on a new system}{chapter.5}% 16
\BOOKMARK [2][-]{subsection.5.2.1}{System requirements}{section.5.2}% 17
\BOOKMARK [2][-]{subsection.5.2.2}{Makefile}{section.5.2}% 18
\BOOKMARK [2][-]{subsection.5.2.3}{Next steps}{section.5.2}% 19
\BOOKMARK [0][-]{chapter.6}{Running KNOSOS}{}% 20
\BOOKMARK [1][-]{section.6.1}{General workflow}{chapter.6}% 21
\BOOKMARK [1][-]{section.6.2}{How to run KNOSOS}{chapter.6}% 22
\BOOKMARK [2][-]{subsection.6.2.1}{Model}{section.6.2}% 23
\BOOKMARK [2][-]{subsection.6.2.2}{Species}{section.6.2}% 24
\BOOKMARK [2][-]{subsection.6.2.3}{Plasma profiles}{section.6.2}% 25
\BOOKMARK [2][-]{subsection.6.2.4}{Magnetic configuration}{section.6.2}% 26
\BOOKMARK [2][-]{subsection.6.2.5}{Parameters}{section.6.2}% 27
\BOOKMARK [0][-]{chapter.7}{Inputs}{}% 28
\BOOKMARK [1][-]{section.7.1}{The model namelist}{chapter.7}% 29
\BOOKMARK [1][-]{section.7.2}{The parameters namelist}{chapter.7}% 30
\BOOKMARK [1][-]{section.7.3}{The surfaces namelist}{chapter.7}% 31
\BOOKMARK [1][-]{section.7.4}{The species namelist}{chapter.7}% 32
\BOOKMARK [0][-]{chapter.8}{Plasma profiles}{}% 33
\BOOKMARK [1][-]{section.8.1}{Workflow}{chapter.8}% 34
\BOOKMARK [1][-]{section.8.2}{Kinetic profiles}{chapter.8}% 35
\BOOKMARK [1][-]{section.8.3}{Scan in the plasma parameters}{chapter.8}% 36
\BOOKMARK [1][-]{section.8.4}{Error estimates}{chapter.8}% 37
\BOOKMARK [0][-]{chapter.9}{Magnetic configuration}{}% 38
\BOOKMARK [1][-]{section.9.1}{Workflow}{chapter.9}% 39
\BOOKMARK [1][-]{section.9.2}{Input magnetic field}{chapter.9}% 40
\BOOKMARK [1][-]{section.9.3}{Some useful quantities in Boozer coordinates}{chapter.9}% 41
\BOOKMARK [1][-]{section.9.4}{From VMEC lef-handed coordinates to standard right-handed coordinates}{chapter.9}% 42
\BOOKMARK [1][-]{section.9.5}{Relation between Fourier expansions}{chapter.9}% 43
\BOOKMARK [1][-]{section.9.6}{Scan in the magnetic configuration parameters}{chapter.9}% 44
\BOOKMARK [0][-]{chapter.10}{Output parameters}{}% 45
\BOOKMARK [1][-]{section.10.1}{Standard output and standard error, warnings}{chapter.10}% 46
\BOOKMARK [1][-]{section.10.2}{B.map}{chapter.10}% 47
\BOOKMARK [1][-]{section.10.3}{results.knosos: monoenergetic transport coefficients}{chapter.10}% 48
\BOOKMARK [1][-]{section.10.4}{knosos.dk}{chapter.10}% 49
\BOOKMARK [1][-]{section.10.5}{varphi1.map}{chapter.10}% 50
\BOOKMARK [1][-]{section.10.6}{varphi1.modes}{chapter.10}% 51
\BOOKMARK [1][-]{section.10.7}{flux.amb}{chapter.10}% 52
\BOOKMARK [1][-]{section.10.8}{knososTASK3D.flux}{chapter.10}% 53
\BOOKMARK [1][-]{section.10.9}{flux.modes}{chapter.10}% 54
\BOOKMARK [1][-]{section.10.10}{flux.knosos}{chapter.10}% 55
\BOOKMARK [1][-]{section.10.11}{knososTASK3D.ambEr}{chapter.10}% 56
\BOOKMARK [1][-]{section.10.12}{flux.av}{chapter.10}% 57
\BOOKMARK [1][-]{section.10.13}{imp.knosos}{chapter.10}% 58
\BOOKMARK [1][-]{section.10.14}{????\1372d.in}{chapter.10}% 59
\BOOKMARK [0][-]{chapter.11}{Examples}{}% 60
\BOOKMARK [1][-]{section.11.1}{DKES-like monoenergetic transport coefficients}{chapter.11}% 61
\BOOKMARK [1][-]{section.11.2}{Effect of the tangential magnetic drift on the radial transport of energy}{chapter.11}% 62
\BOOKMARK [1][-]{section.11.3}{Tangential electric field}{chapter.11}% 63
\BOOKMARK [0][-]{chapter.12}{Concluding remarks}{}% 64
\BOOKMARK [0][-]{appendix.A}{High collisionalities}{}% 65
\BOOKMARK [1][-]{section.A.1}{Bulk species in the Pfisrch-Schl\374ter regime}{appendix.A}% 66
\BOOKMARK [1][-]{section.A.2}{Bulk species in the plateau regime}{appendix.A}% 67
\BOOKMARK [1][-]{section.A.3}{Classical flux and neoclassical flux of trace impurities species in the presence of bulk ions at low collisionalities}{appendix.A}% 68
\BOOKMARK [0][-]{appendix.B}{DKES}{}% 69
\BOOKMARK [1][-]{section.B.1}{Input}{appendix.B}% 70
\BOOKMARK [1][-]{section.B.2}{Use of DKES database}{appendix.B}% 71
\BOOKMARK [1][-]{section.B.3}{Normalization}{appendix.B}% 72
